-0.0525413   -0.394858   0.239118
0.421304   -0.291149   -0.177337
-0.165786   -0.40614   -0.0887888
0.110013   -0.0909839   0.000356303
-0.303182   0.0850508   0.0484665
0.238636   0.245196   0.0753779
0.152096   0.170423   -0.108421
-0.000716385   0.383766   -0.19948
-0.145024   -0.284653   0.347988
-0.0946331   0.383916   0.0489308
-0.414146   0.334346   0.368914
0.363185   0.45837   -0.165121
0.301982   0.0282072   0.368301
-0.127801   0.388008   -0.0646685
0.168801   -0.469095   0.0657052
-0.218078   0.090872   0.034927
-0.0688024   0.48918   -0.476169
-0.195412   0.00968856   -0.464543
-0.361332   -0.347744   -0.246907
-0.0668751   -0.0765159   0.215115
0.351617   -0.102871   0.0147546
-0.251898   -0.477285   -0.201604
-0.4049   -0.429115   -0.150424
0.353896   0.314866   0.0914627
-0.262222   -0.391543   0.186323
0.484096   0.465284   0.486772
0.424089   -0.255966   -0.265014
0.0656489   -0.237537   -0.0940878
-0.340622   -0.368999   0.399795
0.287752   0.484483   -0.414982
0.193095   0.457896   -0.453238
-0.213674   -0.359685   -0.0486276
0.00665416   -0.365987   0.313156
0.324023   0.261227   -0.3024
0.109258   -0.255103   -0.180271
-0.163265   0.300956   -0.345588
-0.497573   0.482187   0.369743
0.344669   -0.0162244   0.241506
-0.146546   0.376703   0.369119
-0.25134   0.281043   -0.361118
0.462248   -0.155657   0.30135
-0.419164   0.061279   0.177763
0.402913   0.479493   0.361561
-0.293204   0.17238   0.255607
-0.431148   -0.438314   -0.0643869
-0.0696083   0.355254   -0.366501
-0.0290207   -0.0351247   -0.172321
0.437647   0.0562221   -0.0128648
-0.0971795   0.349036   -0.208934
-0.204731   0.477999   -0.160098
0.131385   0.283868   -0.24109
0.00182736   -0.0409975   0.483902
0.0793282   -0.351064   -0.196863
0.3778   0.146648   0.000805979
-0.262687   -0.339273   -0.478571
-0.239402   0.162126   0.373142
-0.36217   -0.00728121   0.0612725
-0.35802   -0.342019   -0.483874
0.0268388   -0.457031   -0.458242
-0.105285   -0.38761   0.391339
0.0633402   -0.457015   0.306242
0.472177   -0.230714   -0.216313
-0.0495589   -0.287958   -0.212774
-0.231766   -0.411881   -0.355777
-0.316332   0.228881   -0.456948
0.2498   0.223796   -0.29428
0.439924   -0.20431   -0.136616
-0.405142   0.0608871   0.0899288
-0.211789   0.461662   0.348436
0.307161   -0.0752178   -0.349342
0.0747275   -0.158629   -0.354886
0.293843   -0.264018   0.468704
0.0545166   -0.0226239   0.350259
-0.305077   0.409388   -0.163823
-0.455226   0.40869   0.331417
0.219162   0.280834   0.199325
0.4002   -0.436121   0.00822715
0.190519   -0.0778422   0.0587498
0.172752   -0.351973   0.209645
0.429879   -0.476317   -0.180788
-0.223728   -0.261586   0.380461
-0.183221   -0.0982754   -0.494424
-0.0164341   -0.443388   0.449842
-0.1825   -0.027916   0.113846
-0.434611   -0.368953   -0.111046
-0.197774   -0.347151   -0.39233
0.0686625   -0.331388   -0.469729
-0.411939   0.0456069   0.403286
-0.106858   0.228386   0.238723
-0.0554286   0.319046   0.318273
-0.150251   0.0446077   0.342137
-0.281112   0.46459   0.213319
-0.0361804   0.316514   -0.279375
0.0246487   -0.490975   0.392067
-0.2332   0.164352   -0.412846
0.241357   -0.271236   0.0452236
-0.460568   0.220712   0.120444
-0.485214   -0.257617   -0.322245
-0.313944   -0.348883   0.0158423
-0.279351   -0.479218   0.126949
-0.429847   0.329927   0.0114993
-0.496553   -0.4038   -0.152664
-0.173984   -0.300943   -0.458198
0.428727   0.496588   -0.0794646
-0.40967   0.448898   0.437328
-0.168673   0.220542   0.497659
-0.0999776   0.315089   -0.0233696
-0.328332   0.336487   0.39936
