-0.0453515   -0.128317   0.61183
0.03729   1.86481   -0.406503
-0.167189   -0.766627   -0.107725
1.30549   -0.0835734   1.07161
-0.361049   -0.462844   0.690293
1.91054   1.57405   0.71595
-1.1466   -1.4833   0.384136
1.30747   -0.892334   -1.62471
-0.253214   -1.73385   0.584939
-0.887109   0.654421   -1.16735
-2.03098   2.24595   0.605119
0.391345   1.69711   -0.551678
0.16778   0.123401   0.383224
-0.00241611   -0.659372   0.357761
0.422397   1.5182   -0.108389
-0.512513   -1.31462   -2.52478
-0.271956   -0.889779   0.421591
2.2666   0.332105   0.129235
-0.93145   -2.67781   1.48607
0.183237   -1.30959   -0.0514719
0.652999   -1.82724   0.813352
2.25542   0.548322   -0.338504
-0.246877   -0.719025   0.844373
-1.26847   0.0790917   0.37721
2.04511   -0.204963   0.409685
-0.786901   -0.333149   0.724889
0.335687   -0.26596   0.282377
0.409969   -0.227062   0.187797
-0.892031   1.53576   -0.0876874
0.5327   -1.04711   -2.70786
-0.821936   -0.221441   -1.22275
2.02547   2.02056   -0.545325
2.2058   -1.34108   -0.528435
0.232375   -0.12643   1.16032
-0.702834   -2.62879   -1.0826
-0.927943   0.413888   -1.42602
-0.284065   -0.183304   -0.541262
-1.36515   -0.0744918   0.447301
-0.0128196   0.933614   0.660258
0.248185   1.12425   -0.874431
0.393477   0.741696   -0.864846
0.280112   0.335626   0.204747
-0.532036   -0.788137   -0.97268
0.0609493   0.399041   1.33395
-0.0236428   0.805847   -1.64537
0.73671   0.393252   1.83966
0.262518   -2.08086   0.585082
-0.777382   0.0618751   -0.260997
2.77079   -0.507888   2.41228
-1.44519   -0.155371   0.967091
-2.46328   0.020255   -1.88873
1.4515   0.161945   0.367275
3.03731   -1.2952   2.03388
0.661617   0.232415   0.902776
0.114949   -2.239   -0.7724
-0.879058   0.96548   -0.630314
0.928176   1.26829   0.664398
-2.08008   1.04858   0.161224
0.52744   -0.822229   0.502157
-0.929978   -0.0862666   0.980747
1.30616   1.37426   0.845048
0.430757   -0.411081   -0.918364
-0.151872   -0.294049   -0.299966
0.370408   0.477277   -0.833744
-0.302703   1.45628   0.982247
-0.61955   -0.639915   -0.837004
1.24631   -0.757964   0.338493
-1.01837   1.34565   -0.259628
-0.841691   0.885998   0.0242836
0.635816   3.0227   1.57867
2.64274   1.15265   -0.720389
0.932003   1.13874   -0.880917
-1.36215   0.236386   0.940714
-1.83953   -1.54754   0.261991
0.548206   -0.299462   -1.48166
0.685567   -1.4079   -0.188815
-0.0531958   -0.205421   -1.45084
-0.565957   -0.289431   0.747705
0.816029   -0.263411   -1.28914
-1.17388   -0.475524   0.574719
0.193949   0.76534   0.564526
-1.19521   0.925994   0.0375281
0.92654   1.16888   -0.170562
1.84497   -0.545928   -0.0303831
-3.12586   -0.321397   0.589273
1.13275   1.75502   1.19046
0.694481   -0.903395   1.08993
-0.391508   -1.07776   -1.65616
-1.93383   -0.830459   -1.91611
0.0626419   0.164032   0.483167
-1.66623   -1.16718   -1.32291
-0.747256   1.28651   1.76543
1.24592   1.07501   1.74056
-0.361139   2.14262   0.71376
0.268101   -0.979924   -0.387383
-1.35394   0.343826   -0.865383
-0.585646   -0.327013   -0.231575
0.98676   -1.02366   0.938311
-2.27532   0.381594   -0.441319
0.184516   -1.81295   1.04221
-0.346908   1.10655   -1.90186
1.5848   -0.395735   -1.29352
-0.120742   1.28837   -0.51686
-1.0044   0.313742   -0.325053
-2.02939   0.127466   0.0224663
0.00384395   -0.354616   1.56918
-0.855221   -0.211822   -1.86126
0.0663072   -0.91419   0.668346
