0.375977   -0.260669   0.157172
0.232676   0.36934   0.130243
-0.306076   -0.174876   0.364148
0.425034   -0.26351   -0.0954636
0.164871   -0.0586838   0.436232
0.423986   -0.0416115   0.369422
0.451884   -0.495763   0.271646
-0.47866   -0.0288228   -0.255543
0.157269   -0.471639   0.228356
-0.155393   0.139597   0.0729097
0.337204   -0.402774   0.210415
-0.216881   0.473098   -0.0453685
-0.36192   0.0725452   0.404766
-0.16917   -0.0679079   -0.316654
0.46717   -0.332   0.071566
-0.192186   -0.413838   -0.347544
0.156056   0.300353   0.390093
-0.23635   -0.205334   -0.269431
0.305375   0.122268   0.475449
-0.321823   -0.084725   -0.199542
-0.0105918   -0.25762   0.125377
0.0841402   0.326286   -0.0237664
0.10997   0.0959487   -0.435468
-0.000895783   0.403193   0.450594
0.0510826   0.458553   0.394978
0.00642979   -0.169012   0.105247
0.0861638   -0.323292   -0.38088
0.383711   -0.273925   -0.373277
0.275401   0.00637929   0.0264311
0.440936   0.117326   0.18062
0.396709   0.301359   0.307842
-0.162296   -0.092749   0.144358
0.113848   -0.48174   0.332822
0.387715   0.316357   -0.375038
-0.154965   -0.0190539   0.0568082
-0.0663119   0.403617   -0.475106
0.237357   -0.0548156   0.133436
-0.417042   0.449419   -0.30065
0.453377   -0.428284   0.210027
0.370898   -0.179189   -0.342566
-0.224663   -0.245982   -0.339546
-0.344127   -0.0874445   0.287429
-0.472474   0.224353   0.16069
0.0417817   -0.0188756   -0.326985
0.155245   -0.274624   -0.344879
0.0529244   0.138433   -0.393085
0.11615   0.498094   0.461476
0.0828784   0.465614   -0.0770744
0.449465   0.272302   -0.233229
-0.499159   0.000600672   0.0268619
0.0929393   -0.358698   0.021409
-0.422029   -0.0769214   -0.211778
-0.306991   -0.0650615   0.471789
0.226402   -0.121528   -0.360635
0.191743   0.481636   0.404256
0.143856   -0.285266   0.401583
-0.366655   0.163966   0.198403
-0.145361   -0.205408   -0.422427
0.0521418   0.480323   0.0364738
0.159252   0.402138   -0.0435261
-0.391018   0.201209   0.118353
-0.144725   -0.137089   -0.29796
0.333212   0.0382134   0.0832891
-0.279634   -0.319597   -0.370703
0.195671   -0.249332   -0.0840023
-0.268938   -0.0655923   0.226163
-0.185928   -0.124807   0.00548832
-0.246856   0.215657   0.263615
0.0879911   -0.321148   -0.47192
-0.421452   0.116868   0.15311
0.156847   -0.121275   -0.0716296
0.410293   0.0948358   0.49139
-0.285149   0.461389   0.266747
0.286789   -0.457906   -0.464706
0.330611   0.445067   -0.396618
0.150575   -0.303001   0.048566
0.0871053   -0.367012   0.464699
0.445506   -0.464285   -0.240053
0.221085   0.378643   0.037928
0.092661   -0.345249   0.265773
-0.23148   -0.223027   -0.481403
-0.0364236   -0.307109   -0.0271575
0.131191   -0.411138   0.395234
-0.319916   -0.0570482   0.140727
0.395243   -0.0274411   0.0968874
-0.476217   -0.35773   0.33259
0.0224855   -0.32224   -0.195063
-0.387249   -0.339696   0.301685
0.341249   0.253359   -0.342676
-0.478522   -0.430699   0.128673
0.077102   -0.25426   -0.238052
-0.101521   -0.0779921   0.22161
-0.369109   -0.0650622   0.0289661
-0.00472158   0.434778   0.236216
-0.447334   -0.248865   -0.492616
0.0883975   -0.247953   0.479336
0.439221   0.0547438   -0.06894
0.405491   -0.440992   -0.122579
-0.158984   -0.106902   0.376367
-0.073392   -0.177291   0.377826
-0.244302   -0.00592105   0.135845
0.341577   -0.423496   -0.177468
-0.0157645   -0.26621   0.370339
0.240168   0.00862902   0.19273
0.48964   0.225374   -0.0764337
-0.26579   -0.250297   -0.412035
-0.294013   0.382075   -0.402976
-0.269755   -0.154965   -0.33703
