-0.705527   1.8747   -0.71798
-0.73152   1.14617   0.388399
0.721603   0.523061   -0.150939
-1.66853   -0.345533   -1.47452
-0.215075   -0.0393486   -0.172847
-2.06727   -1.80172   1.27541
-0.0539214   -0.307924   -0.102188
2.14098   1.00483   -1.16843
0.361131   -0.112506   1.45164
-1.11602   0.673804   0.784665
0.980074   -0.376667   0.181029
-0.568866   -2.23932   0.0655956
-1.4041   1.28532   -0.0375207
0.293259   2.6349   1.05738
1.85697   0.141308   1.10095
-0.202754   -0.672991   0.399898
1.22192   -1.27616   -0.0276853
0.627218   1.3741   -0.056254
-0.208637   2.26217   0.955836
-0.200733   -1.28042   -0.203681
-1.00303   -1.27295   0.844296
-1.13407   1.37297   -2.13545
1.78422   -0.758792   -1.04893
-0.230328   0.447315   -0.127447
-0.128797   -0.104542   -0.83141
0.748208   -0.53078   -0.313756
-0.519191   -1.28153   0.469837
-1.73905   -0.552259   1.01002
-0.944933   -0.116709   -0.124921
-0.350752   -1.43227   -1.39082
-1.95011   0.486606   -2.34893
0.870931   -0.561013   0.134566
-0.489483   -0.108576   0.778593
1.10544   -0.913174   0.759043
0.437541   -0.126366   1.07766
0.355396   -0.815771   -1.2301
-0.825219   -0.585673   -1.24981
0.996317   0.362928   0.407776
-0.0249356   0.266794   0.649658
2.23287   -0.459704   0.967703
0.146202   -0.454977   -1.52913
0.940629   1.12003   0.664348
-1.01678   2.09141   -0.33271
2.30259   -0.200307   1.31974
-0.550117   0.0807023   1.18976
-0.847871   0.238893   -0.681155
1.22693   -0.416168   -0.20335
0.782799   1.41431   0.00973291
-1.0146   -0.412116   1.04232
0.993581   -0.521347   0.985261
-1.06153   -1.18366   -1.63434
0.241873   -0.484263   0.595554
1.65743   -0.405023   -1.65509
0.146538   -0.517842   0.161281
0.385427   0.0348531   -1.21991
-1.80616   0.551213   0.641592
-0.938492   -1.63524   0.521565
0.0462294   1.44433   0.568975
0.31853   -0.247889   -1.80839
-0.944384   -0.86876   -1.23874
-0.521313   -0.35949   0.287865
-0.449616   -0.721787   1.435
-0.873841   0.495821   0.650663
0.156863   -0.10718   -0.455135
0.59174   1.01947   -0.0729669
1.63373   -0.149713   0.653507
-0.66643   1.85936   -0.064461
-0.436422   1.61259   -0.409643
-1.25579   -0.747227   -2.61212
0.134719   1.83634   -1.31001
0.0186074   1.85435   -0.708446
0.284251   -1.57796   1.71367
-0.27224   -0.466487   0.0373817
0.0864754   0.858237   1.03805
-0.381351   -0.558439   -1.60074
-0.984491   0.574127   -1.39193
0.584651   -0.712321   -0.539243
0.417657   -0.448892   -0.695625
-1.51136   0.687877   0.459681
-0.0544744   -2.90014   -0.336586
-0.213412   -0.0142192   -2.48144
1.37632   1.52181   0.667752
0.1242   -2.17581   0.0802949
-2.16465   0.970814   0.788974
2.45869   -0.300775   1.23658
-0.0441214   1.65434   0.5648
0.920674   -0.585406   -1.21782
2.42488   0.616507   -0.565409
-1.47183   0.51591   -0.288691
-1.3848   1.13216   1.37005
0.105325   0.827623   -1.40433
-0.0586837   -0.905184   1.82985
-1.66995   -0.788154   0.64334
1.77761   -0.044432   0.094846
-0.264997   0.756375   2.40406
-1.6374   -0.172656   0.244791
0.486783   0.414451   0.828586
-0.967837   -0.486003   -2.54192
0.14797   0.642588   1.88843
0.941627   -1.09917   -0.494163
1.31535   1.47126   0.320133
-1.56301   0.19567   0.446968
0.730891   -1.86897   0.963551
0.749322   -0.86291   -1.26485
1.83208   -1.22238   -0.431499
-0.669423   1.3788   0.416468
0.67647   -0.490399   0.749337
0.280516   -0.542837   1.82872
