-0.266082   0.0873435   0.298628
0.0997749   -0.368936   0.281741
0.148124   0.425164   0.414208
-0.0105484   0.22481   0.101456
0.108819   -0.0635114   -0.238122
-0.311823   0.228784   -0.363033
0.299214   0.0687581   0.221732
0.424602   -0.399697   0.0733705
-0.329632   0.372459   -0.213324
-0.345316   -0.0404523   0.115526
0.0078814   -0.191661   0.324132
0.381669   -0.27667   -0.102569
0.29766   0.209843   -0.438521
0.452351   -0.49403   -0.123045
0.0569199   0.224726   -0.478783
0.352828   0.184669   -0.244372
0.384537   0.082506   -0.0618054
0.311627   -0.467704   -0.490767
0.344895   0.35508   -0.00921576
0.485565   0.191814   -0.428444
0.407112   0.41961   -0.344667
-0.447176   -0.447931   -0.288352
0.152873   -0.101318   0.480266
-0.170677   0.225849   -0.0887777
-0.490925   -0.123521   0.00875601
0.102489   0.175026   -0.297741
-0.128797   -0.223403   0.141659
0.0662397   -0.218679   0.134093
-0.302019   0.421478   0.0115728
0.0244596   0.022466   0.00933464
-0.466378   -0.0859348   -0.16968
0.302579   -0.355341   0.324303
-0.243814   -0.226236   -0.141998
-0.264364   -0.330698   0.425318
-0.419243   -0.244434   -0.312301
-0.117328   0.415371   -0.385996
-0.176916   -0.15351   -0.315971
0.101673   0.478571   -0.148393
-0.0206089   0.324471   -0.235684
0.203101   0.181651   0.0836545
-0.0630421   0.0602702   -0.17164
-0.17974   0.427782   0.203462
-0.482717   -0.321494   0.354276
-0.0409946   -0.00407643   -0.365335
-0.46479   0.209749   0.270892
0.107374   -0.438558   -0.37232
0.0488798   0.211393   -0.080818
0.266974   -0.0578218   0.0460678
0.352145   0.282685   0.211677
-0.108045   -0.374526   0.301436
-0.481385   0.409566   0.147257
-0.358193   0.0788972   -0.0802679
0.238202   -0.206688   -0.363004
-0.0316136   0.00666566   0.404258
-0.0461866   0.195514   0.313852
0.327416   0.332876   0.40633
0.0122311   0.452429   0.243863
-0.39839   0.073417   0.439058
-0.256932   -0.423603   -0.333362
-0.335676   0.212928   0.0798789
0.169666   -0.293627   0.4732
-0.206878   0.090993   -0.477091
0.206597   -0.124929   0.25192
0.316034   -0.0825585   -0.191708
0.125926   -0.301309   -0.213574
0.22616   -0.41197   -0.0226894
-0.320692   -0.0297957   -0.339963
-0.320141   -0.17031   0.284767
0.484855   0.0968976   0.114579
0.29859   -0.251276   0.0933581
-0.16197   0.446063   -0.150375
0.427866   -0.172624   0.219927
-0.0659074   -0.169064   -0.134312
-0.0646878   0.400333   0.418131
0.252523   0.0213474   -0.392647
0.0815801   0.0608629   0.224699
0.227479   0.44491   0.229023
-0.24703   0.251436   0.430833
0.233526   0.265621   -0.145729
0.429709   -0.263423   -0.475717
0.431236   -0.0572431   -0.37523
0.172441   0.391804   -0.339147
-0.182272   -0.137698   0.430298
-0.0848097   -0.371816   -0.223431
0.422402   -0.070798   0.419303
-0.265677   0.44483   0.468839
-0.456381   0.0976209   -0.27085
-0.119699   0.164988   -0.30851
-0.00230642   -0.199385   -0.414312
-0.185407   -0.407742   0.00881618
0.134475   0.276013   0.275403
0.189326   0.091747   0.422279
-0.191409   -0.0476197   -0.00751364
-0.480224   -0.447997   -0.486173
0.342276   -0.36887   -0.32118
-0.074461   0.416992   0.0146317
-0.0148893   -0.416102   0.477224
0.135051   -0.146834   -0.0335918
-0.47424   0.270292   -0.0403381
0.00258268   -0.410483   0.102856
-0.365972   -0.488648   0.305647
0.391537   0.14679   0.401785
-0.472841   0.341906   0.414264
-0.347012   -0.393016   -0.102489
0.127045   0.378449   0.0378165
-0.0874198   -0.018469   0.165503
-0.398107   -0.154158   0.460051
-0.349305   -0.326644   0.13767
