0.4805   0.481665   0.486937
-0.346747   -0.333605   0.495958
-0.4938   -0.321258   -0.322526
-0.330188   -0.486689   -0.326671
-0.166987   0.483013   -0.495968
0.00845121   -0.337018   0.498605
-0.162605   -0.333737   -0.356444
0.0152787   -0.492559   -0.346806
0.17388   -0.485431   0.499566
0.337454   -0.340111   -0.489538
0.170535   -0.332002   -0.338804
0.328837   -0.484578   -0.326197
0.481157   -0.173099   0.492981
-0.320754   0.0136665   0.493182
0.499426   -0.00523819   -0.32995
-0.331405   -0.143932   -0.364631
-0.174978   -0.16173   0.463783
-0.0181265   0.00608343   -0.496294
-0.165772   0.0175985   -0.326623
-0.0232505   -0.16483   -0.354372
0.170355   -0.161774   -0.492639
0.326402   0.00134272   0.493391
0.149488   0.00506155   -0.325732
0.330758   -0.168231   -0.338708
0.499122   0.178221   0.495294
-0.328035   0.307363   0.489136
-0.494183   0.321721   -0.341902
-0.347256   0.172255   -0.332622
-0.164253   0.171881   -0.467858
-0.00017816   0.32396   0.498477
-0.161409   0.335455   -0.318879
-0.00100305   0.165811   -0.314239
0.157244   0.164692   -0.493615
0.317329   0.33113   -0.489913
0.17861   0.340929   -0.320526
0.332306   0.161353   -0.337305
-0.48524   -0.496803   -0.166954
-0.331802   -0.326437   -0.151921
0.497747   -0.326378   -0.00484813
-0.338994   -0.493063   -0.00703349
-0.173122   -0.492612   -0.164849
-0.0198411   -0.314637   -0.177974
-0.169058   -0.324738   0.0044303
0.00148491   -0.488517   0.00648406
0.164986   -0.492098   -0.144958
0.340578   -0.326656   -0.179017
0.172883   -0.337   -0.00799692
0.34686   -0.490356   0.0122294
-0.477976   -0.155033   -0.169823
-0.322605   0.017038   -0.182071
0.499629   0.00801945   0.0134806
-0.343753   -0.167161   0.0180851
-0.179417   -0.165797   -0.193014
0.00458826   -0.0214509   -0.16983
-0.158234   -0.0189097   -0.0116488
0.00292147   -0.178982   0.000330108
0.162615   -0.181019   -0.174516
0.299413   0.00863196   -0.160865
0.149491   -0.0234129   -0.00223584
0.331164   -0.155813   -0.00426964
0.478845   0.154206   -0.176994
-0.345099   0.34112   -0.169714
0.499683   0.316502   0.015812
-0.322489   0.162844   -0.0119903
-0.169541   0.181921   -0.155474
0.0205396   0.3324   -0.146696
-0.168728   0.338136   0.00656067
-0.0123673   0.14978   -0.0115919
0.170989   0.181096   -0.168344
0.352652   0.32033   -0.154921
0.178781   0.33052   0.00444797
0.3347   0.17248   -0.00413337
-0.498019   -0.493149   0.154889
-0.32942   -0.354996   0.162907
0.491481   -0.341798   0.3323
-0.346276   0.488661   0.34168
-0.150665   0.489643   0.16927
0.00294337   -0.339989   0.168557
-0.186327   -0.354027   0.319736
-0.00516815   0.490522   0.346348
0.162161   0.482151   0.182062
0.349008   -0.337963   0.162515
0.178414   -0.335513   0.332559
0.339769   0.496764   0.327057
0.482874   -0.162645   0.187661
-0.329861   -0.0153725   0.170528
-0.481773   -0.00195422   0.338465
-0.350364   -0.205548   0.319733
-0.154258   -0.176616   0.185545
0.0104636   -0.00642922   0.166099
-0.142235   0.0181932   0.323077
-0.00432244   -0.163931   0.337211
0.167194   -0.189647   0.179596
0.317441   0.00157973   0.150567
0.153859   0.0063133   0.357733
0.319317   -0.149245   0.331364
0.496222   0.154825   0.180847
-0.337662   0.358118   0.157895
-0.472106   0.324786   0.331829
-0.316577   0.163358   0.313695
-0.149333   0.17369   0.143682
0.0109913   0.337108   0.16185
-0.161945   0.327111   0.33371
0.00684718   0.192476   0.318025
0.176536   0.171842   0.177608
0.329784   0.347464   0.173725
0.171136   0.342395   0.353992
0.331374   0.166232   0.339082
