0.139461   2.17284   -0.178221
-0.977301   -0.619238   -0.693176
0.468972   0.00419365   -0.00269852
0.89747   0.0734477   -0.240388
-1.48003   -0.326981   0.824186
0.877967   1.76666   -0.793619
-1.52086   -1.42638   0.923509
0.758917   -0.631934   0.315865
1.91759   -0.538675   0.493384
-1.44044   0.77811   2.50406
-0.358801   0.720443   1.04201
1.20373   0.742573   -2.41454
-0.892926   0.419027   -0.659194
-0.257346   -0.473274   1.22069
-1.16493   -0.895658   -0.618424
0.380594   1.73528   0.264001
1.63178   0.829824   -0.886316
0.872553   0.851815   -0.00642208
-0.349597   0.853745   -0.671592
-0.796898   0.233409   -0.0390115
-0.793709   -0.656607   -1.11482
-1.48555   -0.282661   -0.0332375
1.01839   -0.0962497   -0.116846
1.78643   1.96352   0.953582
0.511439   -0.147355   -0.209683
-0.774417   -0.978113   0.453746
0.553301   -1.34342   0.303292
-0.165303   -1.16165   0.0679408
0.227831   0.0537158   0.432568
0.86838   0.319098   0.0371325
-0.41958   1.04201   -0.451666
0.402866   0.741895   -1.42583
0.100366   0.790812   -0.840161
1.14501   -0.223534   -0.211664
-0.549671   -0.660355   -1.07018
-1.21957   0.731825   0.597486
-0.466758   -1.00802   -1.49801
0.147103   2.25606   1.74074
-0.563081   0.244765   -0.284741
-0.649783   0.520849   0.731564
0.17662   -0.779279   -1.67546
0.482849   -0.39567   0.425637
0.291673   0.0239209   -0.560541
0.564596   -0.689685   1.4862
0.193851   -0.366207   0.572471
-0.613267   0.673392   0.279477
1.71186   -1.23825   0.52025
-1.88558   -0.105776   0.112679
-0.38145   0.264161   1.00979
0.707832   1.79762   0.0983631
-0.156226   0.60177   -0.239067
0.0882301   1.45155   0.340981
-0.436986   0.190168   0.350144
0.852364   -0.00429351   -0.287848
0.0983762   0.4868   -0.359396
-1.15714   -0.603308   -0.150701
-0.582997   -0.252209   0.360962
-1.46219   -0.727068   1.09174
1.31593   0.706361   -0.14713
0.320385   -0.886204   1.60116
-1.5764   0.0889711   1.44655
-1.57327   0.528104   0.359573
0.711445   -0.514947   0.805484
-0.571342   0.0495121   0.794923
0.321575   -1.23115   0.0825506
0.156352   -1.10606   -1.07728
0.534009   -0.445178   0.235585
1.10195   -1.33094   0.764424
1.05122   -0.416719   0.324854
0.864259   -0.646188   1.20556
2.11703   0.270167   -0.703066
-0.0105544   -0.444518   0.022795
1.05425   -0.632037   -0.576688
-1.40223   -0.866145   -0.921604
-0.797372   1.02423   0.913704
-0.787425   1.12711   1.09912
0.0558734   0.0227894   0.0714818
0.598999   0.954528   -0.940684
0.430361   -1.77777   0.0973734
-0.244857   -0.511768   -0.204309
0.497837   0.133711   -0.639718
-0.453496   0.655836   -1.44635
-0.158165   -0.634188   0.514408
-0.401041   -0.722375   1.09602
-0.843019   -0.686097   -0.179798
-0.824142   -1.10451   0.679954
0.136437   -0.952604   -0.901255
-0.999236   0.198573   0.346947
0.640234   -0.256845   -0.717339
0.0640383   -0.932477   -0.229802
0.54435   -0.579381   -0.1678
1.39109   1.95743   -1.55959
0.423109   -0.925888   0.162571
1.09429   0.411365   -0.128231
-1.99906   -1.29653   -1.53833
0.622144   0.908362   -0.53932
0.144265   0.975567   -0.110005
-0.765855   0.236249   1.38374
-0.0335916   -0.0491894   -0.512894
-0.71043   1.82718   -2.03652
0.568744   -0.285566   -0.487895
-0.734845   1.27758   1.19022
-0.422847   -1.56213   -0.825449
1.4894   -0.272748   -0.00375362
0.0849277   0.567286   -0.558677
-0.701198   -0.24642   0.5064
0.412473   -0.671594   0.367369
-0.812622   -0.636184   -0.740279
