-1.55283   0.79859   -0.87244
0.665824   -0.170186   0.648346
1.26022   -0.873603   -1.15892
-1.84201   -0.348728   -1.35406
-0.661181   -0.696511   -0.915276
-1.98973   -0.989955   -0.862757
0.938238   -1.05237   0.937506
0.0881795   0.67596   -1.17132
1.43174   -0.154821   -0.723558
0.844895   0.0938795   -0.577366
0.144408   0.360267   0.43837
-1.15405   -0.238554   1.30726
-0.248214   -0.139949   -1.99066
1.41445   -0.49704   1.40549
0.530248   -0.418225   -2.47071
-1.14425   -0.871732   -2.97245
-1.58092   -0.570954   -2.009
1.06227   0.045287   -1.20615
-0.15075   1.3613   0.298559
1.08163   0.642075   0.943674
1.25278   0.126993   -1.04959
-0.658593   -1.51353   -0.42978
-0.334525   0.607597   0.775537
0.57893   -0.930939   0.312892
-2.73126   -0.799946   -0.693045
1.62069   1.64276   0.422276
-1.10951   -0.63915   0.0285222
3.00605   0.585048   -0.286288
-0.121796   -1.17964   0.401979
-0.196234   -0.680115   -0.0806399
0.242446   0.0831437   -1.55332
1.43793   -0.427199   0.464208
-0.305761   0.518259   0.598423
1.38676   -0.601405   1.11609
-0.0434799   0.77025   1.37838
-0.453234   -1.21487   0.7522
0.80749   2.20717   1.79768
-1.11655   -1.40978   1.2987
1.47194   -0.782995   1.20868
1.33328   -0.770222   0.158989
-0.971628   0.530931   1.62237
-0.227935   0.754011   -1.30159
-1.43049   0.384466   -0.0836669
0.740245   -0.675403   -2.05095
-1.01933   0.662703   1.41971
-0.361101   0.552137   1.6107
-1.36588   -0.173895   2.26786
0.464553   0.464217   -2.41999
-1.15304   1.01992   1.10712
-0.0258398   -1.37433   -0.557717
-0.507102   -0.685518   -0.303424
0.598806   0.796865   -0.321598
-0.67708   -0.376424   -0.012248
-1.94168   -0.39615   0.298096
1.09235   -0.591   0.0824217
1.01068   0.894266   -0.0161534
-1.6227   0.749777   0.390948
1.20335   0.264706   0.924529
-0.160106   -0.794888   -0.301645
-0.619358   -0.734302   0.476069
-0.656061   -2.54241   -1.54218
1.50204   1.47926   -1.60065
1.67946   3.12589   -1.68966
-0.187409   0.263867   -0.265723
-0.602244   -0.335109   0.584117
-0.541299   -1.19196   0.872959
2.93833   1.6539   -0.383249
-1.19803   -1.18373   0.776669
0.617744   0.729802   1.37459
-0.555829   -1.54693   0.291755
2.98011   -0.58048   0.989773
-0.268903   1.75787   1.86168
-0.0104337   1.19145   0.801257
-1.2259   2.2904   0.689737
-0.0229881   0.662403   0.664557
0.161143   2.11223   0.0158522
0.638835   0.88702   -2.27723
0.393106   -1.18596   -0.545933
-0.267164   0.0402154   -1.18265
-1.17235   -1.0072   -0.912829
-0.423848   -1.25248   -1.34516
0.294182   -0.35418   -2.48246
-1.6481   -0.0748255   -0.309896
1.12736   -0.59754   0.568563
1.52313   1.27038   1.03344
-1.35509   0.794711   -0.314679
-2.46555   -1.11466   1.46125
-0.700213   1.33581   1.55034
-0.179333   0.944611   -0.801438
1.34452   0.0489164   -0.430615
-0.296751   -1.30523   0.269985
0.421889   2.01844   -0.354691
-0.320591   0.890973   -1.83925
1.16932   1.21921   -0.532253
1.05927   -0.835063   0.574642
-1.38062   -0.24699   1.68581
-0.164878   1.39414   1.01886
-1.11396   -1.47956   0.427551
0.215005   3.207   0.681686
0.417104   -0.830844   0.691037
-0.377278   -0.398307   0.159916
-0.862317   -0.00529423   0.137118
-0.315776   0.513233   1.31941
1.37456   -1.67199   0.247648
-0.99022   -0.701306   -0.300069
1.21507   0.335623   1.22471
0.895269   -1.89212   -1.20232
-0.896562   -1.65146   1.19074
